{
  "RSpec": {
    "coverage": {
      "/Users/raoulkoopman/Development/code/tic-tac-toe-rb-q-000/lib/tic_tac_toe.rb": [
        1,
        null,
        1,
        null,
        null,
        null,
        null,
        null,
        null,
        null,
        null,
        null,
        null,
        1,
        2,
        2,
        2,
        2,
        2,
        null,
        null,
        1,
        3,
        null,
        null,
        1,
        7,
        null,
        null,
        1,
        3,
        3,
        1,
        null,
        2,
        null,
        null
      ]
    },
    "timestamp": 1463176057
  }
}
