{
  "RSpec": {
    "coverage": {
      "/Users/raoulkoopman/Development/code/tic-tac-toe-rb-q-000/lib/tic_tac_toe.rb": [
        1,
        null,
        1,
        null,
        null,
        null,
        null,
        null,
        null,
        null,
        null,
        null,
        null,
        1,
        4,
        4,
        4,
        4,
        4,
        null,
        null,
        1,
        6,
        null,
        null,
        1,
        6,
        null,
        null,
        1,
        4,
        null,
        null,
        1,
        3,
        3,
        3,
        3,
        2,
        2,
        null,
        1,
        null,
        null,
        null,
        1,
        2,
        2,
        18,
        5,
        null,
        null,
        2,
        null,
        null,
        1,
        1,
        1,
        null,
        0,
        null,
        null,
        null,
        1,
        13,
        93,
        93,
        93,
        93,
        6,
        null,
        null,
        null,
        null,
        null,
        1,
        5,
        31,
        null,
        null,
        null,
        1,
        6,
        null,
        null,
        1,
        3,
        null,
        null,
        1,
        3,
        3,
        2,
        null,
        null,
        null
      ]
    },
    "timestamp": 1463151439
  }
}
